<?xml version="1.0" encoding="UTF-8"?>
<!-- Generated by org.testng.reporters.JUnitReportReporter -->
<testsuite hostname="DESKTOP-J5GP530" failures="0" tests="1" name="com.cucumber.runner.RunnerFile" time="4.184" errors="0" timestamp="2022-02-13T14:03:25 EST" skipped="0">
  <testcase classname="com.cucumber.runner.RunnerFile" name="runScenario" time="4.184"/>
  <system-out/>
</testsuite> <!-- com.cucumber.runner.RunnerFile -->
