<?xml version="1.0" encoding="UTF-8"?>
<!-- Generated by org.testng.reporters.JUnitReportReporter -->
<testsuite hostname="DESKTOP-J5GP530" failures="0" tests="1" name="com.smoketest.SmokeTest" time="3.693" errors="0" timestamp="2022-02-06T10:24:00 EST" skipped="0">
  <testcase classname="com.smoketest.SmokeTest" name="getSignin" time="3.693"/>
  <system-out/>
</testsuite> <!-- com.smoketest.SmokeTest -->
