<?xml version="1.0" encoding="UTF-8"?>
<!-- Generated by org.testng.reporters.JUnitReportReporter -->
<testsuite hostname="DESKTOP-J5GP530" failures="0" tests="1" name="com.smoketest.SmokeTestPractice" time="3.124" errors="0" timestamp="2022-02-10T20:03:07 EST" skipped="0">
  <testcase classname="com.smoketest.SmokeTestPractice" name="getLogin" time="3.124"/>
  <system-out/>
</testsuite> <!-- com.smoketest.SmokeTestPractice -->
